build/intermediates/manifest_merge_blame_file/debug/manifest-merger-blame-debug-report.txt
1<?xml version="1.0" encoding="utf-8"?>
2<manifest xmlns:android="http://schemas.android.com/apk/res/android"
3    package="com.example.nav_contacts"
4    android:versionCode="1"
5    android:versionName="1.0" >
6
7    <uses-sdk
8        android:minSdkVersion="28"
8-->src\main\AndroidManifest.xml
9        android:targetSdkVersion="31" />
9-->src\main\AndroidManifest.xml
10
11    <uses-permission android:name="android.permission.CALL_PHONE" />
11-->src\main\AndroidManifest.xml:5:5-69
11-->src\main\AndroidManifest.xml:5:22-66
12    <uses-permission android:name="android.permission.READ_EXTERNAL_STORAGE" />
12-->src\main\AndroidManifest.xml:6:5-80
12-->src\main\AndroidManifest.xml:6:22-77
13    <uses-permission android:name="android.permission.READ_CONTACTS" />
13-->src\main\AndroidManifest.xml:7:5-71
13-->src\main\AndroidManifest.xml:7:22-69
14
15    <application
15-->src\main\AndroidManifest.xml:9:5-38:19
16        android:appComponentFactory="androidx.core.app.CoreComponentFactory"
16-->[androidx.core:core:1.7.0] AndroidManifest.xml:24:18-86
17        android:debuggable="true"
18        android:extractNativeLibs="false"
19        android:icon="@drawable/contacts_24"
19-->src\main\AndroidManifest.xml:10:9-45
20        android:label="@string/app_name"
20-->src\main\AndroidManifest.xml:11:9-41
21        android:supportsRtl="true"
21-->src\main\AndroidManifest.xml:12:9-35
22        android:testOnly="true"
23        android:theme="@style/Theme.NavContacts" >
23-->src\main\AndroidManifest.xml:13:9-49
24        <provider
24-->src\main\AndroidManifest.xml:14:9-18:39
25            android:name="com.example.nav_contacts.MyContentProvider"
25-->src\main\AndroidManifest.xml:15:13-46
26            android:authorities="com.nav.contact.provider"
26-->src\main\AndroidManifest.xml:16:13-59
27            android:enabled="true"
27-->src\main\AndroidManifest.xml:17:13-35
28            android:exported="false" />
28-->src\main\AndroidManifest.xml:18:13-37
29
30        <activity
30-->src\main\AndroidManifest.xml:20:9-23:45
31            android:name="com.example.nav_contacts.CreateAndEditContactActivity"
31-->src\main\AndroidManifest.xml:21:13-57
32            android:exported="false"
32-->src\main\AndroidManifest.xml:22:13-37
33            android:theme="@style/Theme1" />
33-->src\main\AndroidManifest.xml:23:13-42
34        <activity
34-->src\main\AndroidManifest.xml:24:9-27:45
35            android:name="com.example.nav_contacts.ContactDetailsActivity"
35-->src\main\AndroidManifest.xml:25:13-51
36            android:exported="false"
36-->src\main\AndroidManifest.xml:26:13-37
37            android:theme="@style/Theme1" />
37-->src\main\AndroidManifest.xml:27:13-42
38        <activity
38-->src\main\AndroidManifest.xml:28:9-37:20
39            android:name="com.example.nav_contacts.MainActivity"
39-->src\main\AndroidManifest.xml:29:13-41
40            android:exported="true"
40-->src\main\AndroidManifest.xml:30:13-36
41            android:theme="@style/Theme" >
41-->src\main\AndroidManifest.xml:31:13-41
42            <intent-filter>
42-->src\main\AndroidManifest.xml:32:13-36:29
43                <action android:name="android.intent.action.MAIN" />
43-->src\main\AndroidManifest.xml:33:17-69
43-->src\main\AndroidManifest.xml:33:25-66
44
45                <category android:name="android.intent.category.LAUNCHER" />
45-->src\main\AndroidManifest.xml:35:17-77
45-->src\main\AndroidManifest.xml:35:27-74
46            </intent-filter>
47        </activity>
48
49        <provider
49-->[androidx.emoji2:emoji2:1.0.0] AndroidManifest.xml:26:9-34:20
50            android:name="androidx.startup.InitializationProvider"
50-->[androidx.emoji2:emoji2:1.0.0] AndroidManifest.xml:27:13-67
51            android:authorities="com.example.nav_contacts.androidx-startup"
51-->[androidx.emoji2:emoji2:1.0.0] AndroidManifest.xml:28:13-68
52            android:exported="false" >
52-->[androidx.emoji2:emoji2:1.0.0] AndroidManifest.xml:29:13-37
53            <meta-data
53-->[androidx.emoji2:emoji2:1.0.0] AndroidManifest.xml:31:13-33:52
54                android:name="androidx.emoji2.text.EmojiCompatInitializer"
54-->[androidx.emoji2:emoji2:1.0.0] AndroidManifest.xml:32:17-75
55                android:value="androidx.startup" />
55-->[androidx.emoji2:emoji2:1.0.0] AndroidManifest.xml:33:17-49
56            <meta-data
56-->[androidx.lifecycle:lifecycle-process:2.4.0] AndroidManifest.xml:31:13-33:52
57                android:name="androidx.lifecycle.ProcessLifecycleInitializer"
57-->[androidx.lifecycle:lifecycle-process:2.4.0] AndroidManifest.xml:32:17-78
58                android:value="androidx.startup" />
58-->[androidx.lifecycle:lifecycle-process:2.4.0] AndroidManifest.xml:33:17-49
59        </provider>
60    </application>
61
62</manifest>